#
# There is insufficient memory for the Java Runtime Environment to continue.
# Native memory allocation (malloc) failed to allocate 90736 bytes for Chunk::new
# Possible reasons:
#   The system is out of physical RAM or swap space
#   In 32 bit mode, the process size limit was hit
# Possible solutions:
#   Reduce memory load on the system
#   Increase physical memory or swap space
#   Check if swap backing store is full
#   Use 64 bit Java on a 64 bit OS
#   Decrease Java heap size (-Xmx/-Xms)
#   Decrease number of Java threads
#   Decrease Java thread stack sizes (-Xss)
#   Set larger code cache with -XX:ReservedCodeCacheSize=
# This output file may be truncated or incomplete.
#
#  Out of Memory Error (allocation.cpp:390), pid=2532, tid=7460
#
# JRE version: Java(TM) SE Runtime Environment (8.0_91-b14) (build 1.8.0_91-b14)
# Java VM: Java HotSpot(TM) 64-Bit Server VM (25.91-b14 mixed mode windows-amd64 compressed oops)
# Failed to write core dump. Minidumps are not enabled by default on client versions of Windows
#

---------------  T H R E A D  ---------------

Current thread (0x0000000054f0b000):  JavaThread "C2 CompilerThread0" daemon [_thread_in_native, id=7460, stack(0x0000000056a60000,0x0000000056b60000)]

Stack: [0x0000000056a60000,0x0000000056b60000]
[error occurred during error reporting (printing stack bounds), id 0xc0000005]

Native frames: (J=compiled Java code, j=interpreted, Vv=VM code, C=native code)


Current CompileTask:
C2:   3798 1487       4       com.android.dx.ssa.DeadCodeRemover::isCircularNoSideEffect (140 bytes)


---------------  P R O C E S S  ---------------

Java Threads: ( => current thread )
  0x00000000565cd000 JavaThread "pool-2-thread-4" [_thread_blocked, id=6352, stack(0x0000000057860000,0x0000000057960000)]
  0x00000000565ca000 JavaThread "pool-2-thread-3" [_thread_blocked, id=5512, stack(0x0000000057ce0000,0x0000000057de0000)]
  0x00000000565e3800 JavaThread "pool-2-thread-2" [_thread_blocked, id=7416, stack(0x0000000057b30000,0x0000000057c30000)]
  0x000000005655d000 JavaThread "pool-3-thread-1" [_thread_blocked, id=5892, stack(0x0000000056e30000,0x0000000056f30000)]
  0x000000005655a000 JavaThread "pool-2-thread-1" [_thread_blocked, id=2636, stack(0x0000000057980000,0x0000000057a80000)]
  0x0000000056309800 JavaThread "Service Thread" daemon [_thread_blocked, id=5472, stack(0x0000000056bc0000,0x0000000056cc0000)]
  0x0000000056305000 JavaThread "C1 CompilerThread2" daemon [_thread_blocked, id=5028, stack(0x0000000056950000,0x0000000056a50000)]
  0x0000000056300000 JavaThread "C2 CompilerThread1" daemon [_thread_in_native, id=7224, stack(0x0000000056cc0000,0x0000000056dc0000)]
=>0x0000000054f0b000 JavaThread "C2 CompilerThread0" daemon [_thread_in_native, id=7460, stack(0x0000000056a60000,0x0000000056b60000)]
  0x000000005629b000 JavaThread "Attach Listener" daemon [_thread_blocked, id=7832, stack(0x0000000056820000,0x0000000056920000)]
  0x0000000054f0a800 JavaThread "Signal Dispatcher" daemon [_thread_blocked, id=7376, stack(0x00000000566e0000,0x00000000567e0000)]
  0x0000000054eeb000 JavaThread "Finalizer" daemon [_thread_blocked, id=5652, stack(0x0000000055e20000,0x0000000055f20000)]
  0x0000000054ea2000 JavaThread "Reference Handler" daemon [_thread_blocked, id=5804, stack(0x0000000056190000,0x0000000056290000)]
  0x000000000028f000 JavaThread "main" [_thread_blocked, id=5192, stack(0x0000000002650000,0x0000000002750000)]

Other Threads:
  0x0000000054e9a800 VMThread [stack: 0x0000000055fa0000,0x00000000560a0000] [id=3588]
  0x0000000056364000 WatcherThread [stack: 0x0000000056f60000,0x0000000057060000] [id=6240]

VM state:not at safepoint (normal execution)

VM Mutex/Monitor currently owned by a thread: None

Heap:
 PSYoungGen      total 33280K, used 22324K [0x00000000eab00000, 0x00000000ece00000, 0x0000000100000000)
  eden space 30720K, 64% used [0x00000000eab00000,0x00000000ebe51120,0x00000000ec900000)
  from space 2560K, 99% used [0x00000000ecb80000,0x00000000ecdfc270,0x00000000ece00000)
  to   space 2560K, 0% used [0x00000000ec900000,0x00000000ec900000,0x00000000ecb80000)
 ParOldGen       total 40960K, used 2070K [0x00000000c0000000, 0x00000000c2800000, 0x00000000eab00000)
  object space 40960K, 5% used [0x00000000c0000000,0x00000000c0205850,0x00000000c2800000)
 Metaspace       used 6185K, capacity 7030K, committed 7296K, reserved 1056768K
  class space    used 605K, capacity 622K, committed 640K, reserved 1048576K

Card table byte_map: [0x0000000011b10000,0x0000000011d20000] byte_map_base: 0x0000000011510000

Marking Bits: (ParMarkBitMap*) 0x00000000652d2f70
 Begin Bits: [0x0000000012310000, 0x0000000013310000)
 End Bits:   [0x0000000013310000, 0x0000000014310000)

Polling page: 0x0000000000230000

CodeCache: size=245760Kb used=5984Kb max_used=5997Kb free=239775Kb
 bounds [0x0000000002750000, 0x0000000002d40000, 0x0000000011750000]
 total_blobs=1758 nmethods=1487 adapters=184
 compilation: enabled

Compilation events (10 events):
Event: 3.705 Thread 0x0000000056305000 1486       3       com.android.dx.rop.code.ThrowingInsn::accept (8 bytes)
Event: 3.705 Thread 0x0000000056305000 nmethod 1486 0x0000000002d0b990 code [0x0000000002d0bb00, 0x0000000002d0bd28]
Event: 3.705 Thread 0x0000000056305000 1490       3       com.android.dx.rop.type.Type::<init> (84 bytes)
Event: 3.706 Thread 0x0000000056305000 nmethod 1490 0x0000000002d0b0d0 code [0x0000000002d0b280, 0x0000000002d0b7a8]
Event: 3.706 Thread 0x0000000056305000 1491   !   3       com.android.dx.rop.type.Type::putIntern (50 bytes)
Event: 3.706 Thread 0x0000000056305000 nmethod 1491 0x0000000002d0e450 code [0x0000000002d0e640, 0x0000000002d0f0f8]
Event: 3.707 Thread 0x0000000056305000 1489       3       java.util.Arrays::rangeCheck (74 bytes)
Event: 3.707 Thread 0x0000000056305000 nmethod 1489 0x0000000002d1b510 code [0x0000000002d1b760, 0x0000000002d1c488]
Event: 3.720 Thread 0x0000000054f0b000 nmethod 1493 0x0000000002d31250 code [0x0000000002d313c0, 0x0000000002d31a18]
Event: 3.720 Thread 0x0000000054f0b000 1487       4       com.android.dx.ssa.DeadCodeRemover::isCircularNoSideEffect (140 bytes)

GC Heap History (4 events):
Event: 0.738 GC heap before
{Heap before GC invocations=1 (full 0):
 PSYoungGen      total 17920K, used 15360K [0x00000000eab00000, 0x00000000ebf00000, 0x0000000100000000)
  eden space 15360K, 100% used [0x00000000eab00000,0x00000000eba00000,0x00000000eba00000)
  from space 2560K, 0% used [0x00000000ebc80000,0x00000000ebc80000,0x00000000ebf00000)
  to   space 2560K, 0% used [0x00000000eba00000,0x00000000eba00000,0x00000000ebc80000)
 ParOldGen       total 40960K, used 0K [0x00000000c0000000, 0x00000000c2800000, 0x00000000eab00000)
  object space 40960K, 0% used [0x00000000c0000000,0x00000000c0000000,0x00000000c2800000)
 Metaspace       used 5311K, capacity 6256K, committed 6528K, reserved 1056768K
  class space    used 585K, capacity 616K, committed 640K, reserved 1048576K
Event: 0.914 GC heap after
Heap after GC invocations=1 (full 0):
 PSYoungGen      total 17920K, used 2559K [0x00000000eab00000, 0x00000000ece00000, 0x0000000100000000)
  eden space 15360K, 0% used [0x00000000eab00000,0x00000000eab00000,0x00000000eba00000)
  from space 2560K, 99% used [0x00000000eba00000,0x00000000ebc7ff60,0x00000000ebc80000)
  to   space 2560K, 0% used [0x00000000ecb80000,0x00000000ecb80000,0x00000000ece00000)
 ParOldGen       total 40960K, used 443K [0x00000000c0000000, 0x00000000c2800000, 0x00000000eab00000)
  object space 40960K, 1% used [0x00000000c0000000,0x00000000c006ec30,0x00000000c2800000)
 Metaspace       used 5311K, capacity 6256K, committed 6528K, reserved 1056768K
  class space    used 585K, capacity 616K, committed 640K, reserved 1048576K
}
Event: 2.391 GC heap before
{Heap before GC invocations=2 (full 0):
 PSYoungGen      total 17920K, used 17919K [0x00000000eab00000, 0x00000000ece00000, 0x0000000100000000)
  eden space 15360K, 100% used [0x00000000eab00000,0x00000000eba00000,0x00000000eba00000)
  from space 2560K, 99% used [0x00000000eba00000,0x00000000ebc7ff60,0x00000000ebc80000)
  to   space 2560K, 0% used [0x00000000ecb80000,0x00000000ecb80000,0x00000000ece00000)
 ParOldGen       total 40960K, used 443K [0x00000000c0000000, 0x00000000c2800000, 0x00000000eab00000)
  object space 40960K, 1% used [0x00000000c0000000,0x00000000c006ec30,0x00000000c2800000)
 Metaspace       used 6031K, capacity 6902K, committed 7040K, reserved 1056768K
  class space    used 605K, capacity 622K, committed 640K, reserved 1048576K
Event: 2.413 GC heap after
Heap after GC invocations=2 (full 0):
 PSYoungGen      total 33280K, used 2544K [0x00000000eab00000, 0x00000000ece00000, 0x0000000100000000)
  eden space 30720K, 0% used [0x00000000eab00000,0x00000000eab00000,0x00000000ec900000)
  from space 2560K, 99% used [0x00000000ecb80000,0x00000000ecdfc270,0x00000000ece00000)
  to   space 2560K, 0% used [0x00000000ec900000,0x00000000ec900000,0x00000000ecb80000)
 ParOldGen       total 40960K, used 2070K [0x00000000c0000000, 0x00000000c2800000, 0x00000000eab00000)
  object space 40960K, 5% used [0x00000000c0000000,0x00000000c0205850,0x00000000c2800000)
 Metaspace       used 6031K, capacity 6902K, committed 7040K, reserved 1056768K
  class space    used 605K, capacity 622K, committed 640K, reserved 1048576K
}

Deoptimization events (4 events):
Event: 0.554 Thread 0x00000000565ca000 Uncommon trap: reason=unstable_if action=reinterpret pc=0x00000000028ae5c4 method=java.lang.String.compareTo(Ljava/lang/String;)I @ 38
Event: 1.027 Thread 0x000000005655a000 Uncommon trap: reason=unstable_if action=reinterpret pc=0x0000000002960920 method=java.util.BitSet.nextSetBit(I)I @ 87
Event: 1.032 Thread 0x000000005655a000 Uncommon trap: reason=unstable_if action=reinterpret pc=0x0000000002966730 method=java.util.HashMap.getNode(ILjava/lang/Object;)Ljava/util/HashMap$Node; @ 129
Event: 1.543 Thread 0x00000000565cd000 Uncommon trap: reason=unstable_if action=reinterpret pc=0x0000000002a1d8c4 method=com.android.dx.rop.cst.Constant.compareTo(Lcom/android/dx/rop/cst/Constant;)I @ 12

Internal exceptions (2 events):
Event: 0.142 Thread 0x000000000028f000 Exception <a 'java/lang/NoSuchMethodError': Method sun.misc.Unsafe.defineClass(Ljava/lang/String;[BII)Ljava/lang/Class; name or signature does not match> (0x00000000eab07cc0) thrown at [C:\re\workspace\8-2-build-windows-amd64-cygwin\jdk8u91\6644\hotspot\srõ‰z:O(Â?
Event: 0.142 Thread 0x000000000028f000 Exception <a 'java/lang/NoSuchMethodError': Method sun.misc.Unsafe.prefetchRead(Ljava/lang/Object;J)V name or signature does not match> (0x00000000eab07fa8) thrown at [C:\re\workspace\8-2-build-windows-amd64-cygwin\jdk8u91\6644\hotspot\src\share\vm\prims\j

Events (10 events):
Event: 1.543 Thread 0x00000000565cd000 DEOPT PACKING pc=0x0000000002a1d8c4 sp=0x000000005795e7c0
Event: 1.543 Thread 0x00000000565cd000 DEOPT UNPACKING pc=0x000000000279582a sp=0x000000005795e760 mode 2
Event: 1.676 loading class java/util/TreeMap$EntrySet
Event: 1.676 loading class java/util/TreeMap$EntrySet done
Event: 1.676 loading class java/util/TreeMap$EntryIterator
Event: 1.676 loading class java/util/TreeMap$EntryIterator done
Event: 1.676 Executing VM operation: Deoptimize
Event: 1.677 Executing VM operation: Deoptimize done
Event: 2.373 Executing VM operation: ParallelGCFailedAllocation
Event: 2.413 Executing VM operation: ParallelGCFailedAllocation done


Dynamic libraries:
0x000000013f930000 - 0x000000013f967000 	C:\Program Files\Java\jdk1.8.0_91\bin\java.exe
0x0000000077a00000 - 0x0000000077ba9000 	C:\Windows\SYSTEM32\ntdll.dll
0x00000000778e0000 - 0x00000000779ff000 	C:\Windows\system32\kernel32.dll
0x000007fefd990000 - 0x000007fefd9fc000 	C:\Windows\system32\KERNELBASE.dll
0x000007feffc30000 - 0x000007feffd0b000 	C:\Windows\system32\ADVAPI32.dll
0x000007feffb10000 - 0x000007feffbaf000 	C:\Windows\system32\msvcrt.dll
0x000007fefe160000 - 0x000007fefe17f000 	C:\Windows\SYSTEM32\sechost.dll
0x000007fefdc00000 - 0x000007fefdd2d000 	C:\Windows\system32\RPCRT4.dll
0x00000000777e0000 - 0x00000000778da000 	C:\Windows\system32\USER32.dll
0x000007fefe620000 - 0x000007fefe687000 	C:\Windows\system32\GDI32.dll
0x000007fefe150000 - 0x000007fefe15e000 	C:\Windows\system32\LPK.dll
0x000007feff680000 - 0x000007feff749000 	C:\Windows\system32\USP10.dll
0x000007fefbec0000 - 0x000007fefc0b4000 	C:\Windows\WinSxS\amd64_microsoft.windows.common-controls_6595b64144ccf1df_6.0.7601.17514_none_fa396087175ac9ac\COMCTL32.dll
0x000007feffbb0000 - 0x000007feffc21000 	C:\Windows\system32\SHLWAPI.dll
0x000007fefdbd0000 - 0x000007fefdbfe000 	C:\Windows\system32\IMM32.DLL
0x000007fefe1e0000 - 0x000007fefe2e9000 	C:\Windows\system32\MSCTF.dll
0x000007fefd740000 - 0x000007fefd772000 	C:\Windows\system32\nvinitx.dll
0x000007fefd730000 - 0x000007fefd73c000 	C:\Windows\system32\VERSION.dll
0x00000000752b0000 - 0x00000000752b6000 	C:\Program Files\NVIDIA Corporation\CoProcManager\detoured.dll
0x000007fefa770000 - 0x000007fefa7a8000 	C:\Program Files\NVIDIA Corporation\CoProcManager\nvd3d9wrapx.dll
0x000007fefdd30000 - 0x000007fefdf07000 	C:\Windows\system32\SETUPAPI.dll
0x000007fefdb90000 - 0x000007fefdbc6000 	C:\Windows\system32\CFGMGR32.dll
0x000007feff750000 - 0x000007feff827000 	C:\Windows\system32\OLEAUT32.dll
0x000007fefe370000 - 0x000007fefe573000 	C:\Windows\system32\ole32.dll
0x000007fefd970000 - 0x000007fefd98a000 	C:\Windows\system32\DEVOBJ.dll
0x000007fefa650000 - 0x000007fefa674000 	C:\Program Files\NVIDIA Corporation\CoProcManager\nvdxgiwrapx.dll
0x000000006eef0000 - 0x000000006efc2000 	C:\Program Files\Java\jdk1.8.0_91\jre\bin\msvcr100.dll
0x0000000064ac0000 - 0x0000000065353000 	C:\Program Files\Java\jdk1.8.0_91\jre\bin\server\jvm.dll
0x000007fef3270000 - 0x000007fef3279000 	C:\Windows\system32\WSOCK32.dll
0x000007feff630000 - 0x000007feff67d000 	C:\Windows\system32\WS2_32.dll
0x000007feffb00000 - 0x000007feffb08000 	C:\Windows\system32\NSI.dll
0x000007fef90f0000 - 0x000007fef912b000 	C:\Windows\system32\WINMM.dll
0x0000000077bc0000 - 0x0000000077bc7000 	C:\Windows\system32\PSAPI.DLL
0x000000006efe0000 - 0x000000006efef000 	C:\Program Files\Java\jdk1.8.0_91\jre\bin\verify.dll
0x000000006eec0000 - 0x000000006eee9000 	C:\Program Files\Java\jdk1.8.0_91\jre\bin\java.dll
0x000000006eea0000 - 0x000000006eeb6000 	C:\Program Files\Java\jdk1.8.0_91\jre\bin\zip.dll
0x000007fefe730000 - 0x000007feff4b8000 	C:\Windows\system32\SHELL32.dll
0x000007fefd820000 - 0x000007fefd82f000 	C:\Windows\system32\profapi.dll

VM Arguments:
jvm_args: -Djava.awt.headless=true -Xmx1024M -Dfile.encoding=x-windows-949 -Duser.country=KR -Duser.language=ko -Duser.variant 
java_command: com.android.dx.command.Main --dex --force-jumbo --num-threads=4 --multi-dex --output D:\github\Indoor_System_Result\app\build\intermediates\transforms\dex\debug\folders\1000\10\internal_impl-24.0.0_9bfb833aa9d5d8075c492e5c29e772da8ac3271e D:\github\Indoor_System_Result\app\build\intermediates\exploded-aar\com.android.support\support-v4\24.0.0\jars\libs\internal_impl-24.0.0.jar
java_class_path (initial): D:\Android_sdk\build-tools\24.0.0\lib\dx.jar
Launcher Type: SUN_STANDARD

Environment Variables:
JAVA_HOME=C:\Program Files\Java\jdk1.8.0_91
CLASSPATH=C:\Program Files\Java\jdk1.8.0_91\lib\tools.jar
PATH=C:\Program Files\Common Files\Microsoft Shared\Windows Live;C:\Program Files (x86)\Common Files\Microsoft Shared\Windows Live;C:\ProgramData\Oracle\Java\javapath;C:\Windows\system32;C:\Windows;C:\Windows\System32\Wbem;C:\Windows\System32\WindowsPowerShell\v1.0\;C:\Program Files\Java\jdk1.8.0_91\bin;C:\Users\Administrator\.dnx\bin;C:\Program Files\Microsoft DNX\Dnvm\;C:\Program Files\Microsoft SQL Server\130\Tools\Binn\;C:\Program Files (x86)\Windows Kits\8.1\Windows Performance Toolkit\;C:\Program Files (x86)\NVIDIA Corporation\PhysX\Common;C:\Program Files (x86)\Windows Live\Shared
USERNAME=Administrator
OS=Windows_NT
PROCESSOR_IDENTIFIER=Intel64 Family 6 Model 69 Stepping 1, GenuineIntel



---------------  S Y S T E M  ---------------

OS: Windows 7 , 64 bit Build 7601 (6.1.7601.18409)

CPU:total 4 (2 cores per cpu, 2 threads per core) family 6 model 69 stepping 1, cmov, cx8, fxsr, mmx, sse, sse2, sse3, ssse3, sse4.1, sse4.2, popcnt, avx, avx2, aes, clmul, erms, lzcnt, ht, tsc, tscinvbit, bmi1, bmi2

Memory: 4k page, physical 3890176k(417448k free), swap 5985464k(5112k free)

vm_info: Java HotSpot(TM) 64-Bit Server VM (25.91-b14) for windows-amd64 JRE (1.8.0_91-b14), built on Apr  1 2016 00:58:32 by "java_re" with MS VC++ 10.0 (VS2010)

time: Thu Aug 25 09:12:18 2016
elapsed time: 3 seconds (0d 0h 0m 3s)

