#
# There is insufficient memory for the Java Runtime Environment to continue.
# Native memory allocation (malloc) failed to allocate 1214976 bytes for Chunk::new
# Possible reasons:
#   The system is out of physical RAM or swap space
#   In 32 bit mode, the process size limit was hit
# Possible solutions:
#   Reduce memory load on the system
#   Increase physical memory or swap space
#   Check if swap backing store is full
#   Use 64 bit Java on a 64 bit OS
#   Decrease Java heap size (-Xmx/-Xms)
#   Decrease number of Java threads
#   Decrease Java thread stack sizes (-Xss)
#   Set larger code cache with -XX:ReservedCodeCacheSize=
# This output file may be truncated or incomplete.
#
#  Out of Memory Error (allocation.cpp:390), pid=3764, tid=676
#
# JRE version: Java(TM) SE Runtime Environment (8.0_91-b14) (build 1.8.0_91-b14)
# Java VM: Java HotSpot(TM) 64-Bit Server VM (25.91-b14 mixed mode windows-amd64 compressed oops)
# Failed to write core dump. Minidumps are not enabled by default on client versions of Windows
#

---------------  T H R E A D  ---------------

Current thread (0x000000005648c000):  JavaThread "C2 CompilerThread1" daemon [_thread_in_native, id=676, stack(0x0000000056940000,0x0000000056a40000)]

Stack: [0x0000000056940000,0x0000000056a40000]
[error occurred during error reporting (printing stack bounds), id 0xc0000005]

Native frames: (J=compiled Java code, j=interpreted, Vv=VM code, C=native code)


Current CompileTask:
C2:   4218 1432       4       com.android.dx.ssa.SsaRenamer$BlockRenamer::process (191 bytes)


---------------  P R O C E S S  ---------------

Java Threads: ( => current thread )
  0x00000000567ac800 JavaThread "pool-2-thread-4" [_thread_in_Java, id=7540, stack(0x0000000058180000,0x0000000058280000)]
  0x00000000567ac000 JavaThread "pool-2-thread-3" [_thread_in_vm, id=7784, stack(0x0000000057f40000,0x0000000058040000)]
  0x00000000567e8000 JavaThread "pool-2-thread-2" [_thread_in_Java, id=2764, stack(0x0000000057e10000,0x0000000057f10000)]
  0x00000000567e6000 JavaThread "pool-3-thread-1" [_thread_blocked, id=5076, stack(0x0000000057c90000,0x0000000057d90000)]
  0x00000000567df000 JavaThread "pool-2-thread-1" [_thread_blocked, id=2608, stack(0x0000000057b70000,0x0000000057c70000)]
  0x0000000056491000 JavaThread "Service Thread" daemon [_thread_blocked, id=6076, stack(0x0000000056fb0000,0x00000000570b0000)]
  0x000000005648d000 JavaThread "C1 CompilerThread2" daemon [_thread_in_vm, id=2312, stack(0x0000000056e10000,0x0000000056f10000)]
=>0x000000005648c000 JavaThread "C2 CompilerThread1" daemon [_thread_in_native, id=676, stack(0x0000000056940000,0x0000000056a40000)]
  0x000000005520c000 JavaThread "C2 CompilerThread0" daemon [_thread_in_native, id=4084, stack(0x0000000056bf0000,0x0000000056cf0000)]
  0x000000005647a800 JavaThread "Attach Listener" daemon [_thread_blocked, id=4448, stack(0x0000000056a40000,0x0000000056b40000)]
  0x00000000551fc000 JavaThread "Signal Dispatcher" daemon [_thread_blocked, id=7884, stack(0x0000000055fe0000,0x00000000560e0000)]
  0x00000000551e3800 JavaThread "Finalizer" daemon [_thread_blocked, id=7932, stack(0x0000000056370000,0x0000000056470000)]
  0x00000000551a2000 JavaThread "Reference Handler" daemon [_thread_blocked, id=5940, stack(0x0000000056250000,0x0000000056350000)]
  0x00000000003cf000 JavaThread "main" [_thread_blocked, id=4324, stack(0x0000000002670000,0x0000000002770000)]

Other Threads:
  0x000000005519a800 VMThread [stack: 0x00000000560e0000,0x00000000561e0000] [id=7680]
  0x000000005654d800 WatcherThread [stack: 0x0000000057180000,0x0000000057280000] [id=4476]

VM state:not at safepoint (normal execution)

VM Mutex/Monitor currently owned by a thread: None

Heap:
 PSYoungGen      total 33280K, used 11259K [0x00000000eab00000, 0x00000000eec00000, 0x0000000100000000)
  eden space 30720K, 28% used [0x00000000eab00000,0x00000000eb37fb38,0x00000000ec900000)
  from space 2560K, 99% used [0x00000000ec900000,0x00000000ecb7f278,0x00000000ecb80000)
  to   space 2560K, 0% used [0x00000000ee980000,0x00000000ee980000,0x00000000eec00000)
 ParOldGen       total 40960K, used 6750K [0x00000000c0000000, 0x00000000c2800000, 0x00000000eab00000)
  object space 40960K, 16% used [0x00000000c0000000,0x00000000c0697aa8,0x00000000c2800000)
 Metaspace       used 6199K, capacity 7030K, committed 7296K, reserved 1056768K
  class space    used 608K, capacity 622K, committed 640K, reserved 1048576K

Card table byte_map: [0x0000000011b30000,0x0000000011d40000] byte_map_base: 0x0000000011530000

Marking Bits: (ParMarkBitMap*) 0x00000000652d2f70
 Begin Bits: [0x0000000012610000, 0x0000000013610000)
 End Bits:   [0x0000000013610000, 0x0000000014610000)

Polling page: 0x0000000000330000

CodeCache: size=245760Kb used=6251Kb max_used=6251Kb free=239508Kb
 bounds [0x0000000002770000, 0x0000000002d90000, 0x0000000011770000]
 total_blobs=1738 nmethods=1467 adapters=184
 compilation: enabled

Compilation events (10 events):
Event: 4.029 Thread 0x000000005648d000 1439   !   3       com.android.dx.cf.attrib.AttLineNumberTable::<init> (43 bytes)
Event: 4.029 Thread 0x000000005648d000 nmethod 1439 0x0000000002d42490 code [0x0000000002d42640, 0x0000000002d42b38]
Event: 4.029 Thread 0x000000005648d000 1445  s    3       com.android.dx.dex.file.StringIdsSection::intern (53 bytes)
Event: 4.030 Thread 0x000000005648d000 nmethod 1445 0x0000000002d48950 code [0x0000000002d48b20, 0x0000000002d49478]
Event: 4.030 Thread 0x000000005648d000 1446       3       com.android.dx.rop.type.Type::getInitializedType (42 bytes)
Event: 4.031 Thread 0x000000005648d000 nmethod 1446 0x0000000002d49810 code [0x0000000002d499e0, 0x0000000002d4a1d8]
Event: 4.031 Thread 0x000000005648d000 1430       3       com.android.dx.rop.annotation.Annotations::add (75 bytes)
Event: 4.032 Thread 0x000000005648d000 nmethod 1430 0x0000000002d4a550 code [0x0000000002d4a7c0, 0x0000000002d4b6a8]
Event: 4.032 Thread 0x000000005648d000 1436       1       com.android.dx.cf.attrib.InnerClassList$Item::getInnerClass (5 bytes)
Event: 4.032 Thread 0x000000005648d000 nmethod 1436 0x0000000002d3e4d0 code [0x0000000002d3e620, 0x0000000002d3e730]

GC Heap History (6 events):
Event: 0.936 GC heap before
{Heap before GC invocations=1 (full 0):
 PSYoungGen      total 17920K, used 15360K [0x00000000eab00000, 0x00000000ebf00000, 0x0000000100000000)
  eden space 15360K, 100% used [0x00000000eab00000,0x00000000eba00000,0x00000000eba00000)
  from space 2560K, 0% used [0x00000000ebc80000,0x00000000ebc80000,0x00000000ebf00000)
  to   space 2560K, 0% used [0x00000000eba00000,0x00000000eba00000,0x00000000ebc80000)
 ParOldGen       total 40960K, used 0K [0x00000000c0000000, 0x00000000c2800000, 0x00000000eab00000)
  object space 40960K, 0% used [0x00000000c0000000,0x00000000c0000000,0x00000000c2800000)
 Metaspace       used 3459K, capacity 4720K, committed 4864K, reserved 1056768K
  class space    used 375K, capacity 424K, committed 512K, reserved 1048576K
Event: 0.981 GC heap after
Heap after GC invocations=1 (full 0):
 PSYoungGen      total 17920K, used 1111K [0x00000000eab00000, 0x00000000ece00000, 0x0000000100000000)
  eden space 15360K, 0% used [0x00000000eab00000,0x00000000eab00000,0x00000000eba00000)
  from space 2560K, 43% used [0x00000000eba00000,0x00000000ebb15fc8,0x00000000ebc80000)
  to   space 2560K, 0% used [0x00000000ecb80000,0x00000000ecb80000,0x00000000ece00000)
 ParOldGen       total 40960K, used 8K [0x00000000c0000000, 0x00000000c2800000, 0x00000000eab00000)
  object space 40960K, 0% used [0x00000000c0000000,0x00000000c0002000,0x00000000c2800000)
 Metaspace       used 3459K, capacity 4720K, committed 4864K, reserved 1056768K
  class space    used 375K, capacity 424K, committed 512K, reserved 1048576K
}
Event: 1.991 GC heap before
{Heap before GC invocations=2 (full 0):
 PSYoungGen      total 17920K, used 16471K [0x00000000eab00000, 0x00000000ece00000, 0x0000000100000000)
  eden space 15360K, 100% used [0x00000000eab00000,0x00000000eba00000,0x00000000eba00000)
  from space 2560K, 43% used [0x00000000eba00000,0x00000000ebb15fc8,0x00000000ebc80000)
  to   space 2560K, 0% used [0x00000000ecb80000,0x00000000ecb80000,0x00000000ece00000)
 ParOldGen       total 40960K, used 8K [0x00000000c0000000, 0x00000000c2800000, 0x00000000eab00000)
  object space 40960K, 0% used [0x00000000c0000000,0x00000000c0002000,0x00000000c2800000)
 Metaspace       used 5956K, capacity 6836K, committed 7040K, reserved 1056768K
  class space    used 605K, capacity 620K, committed 640K, reserved 1048576K
Event: 2.237 GC heap after
Heap after GC invocations=2 (full 0):
 PSYoungGen      total 33280K, used 2548K [0x00000000eab00000, 0x00000000ece00000, 0x0000000100000000)
  eden space 30720K, 0% used [0x00000000eab00000,0x00000000eab00000,0x00000000ec900000)
  from space 2560K, 99% used [0x00000000ecb80000,0x00000000ecdfd030,0x00000000ece00000)
  to   space 2560K, 0% used [0x00000000ec900000,0x00000000ec900000,0x00000000ecb80000)
 ParOldGen       total 40960K, used 2078K [0x00000000c0000000, 0x00000000c2800000, 0x00000000eab00000)
  object space 40960K, 5% used [0x00000000c0000000,0x00000000c0207a30,0x00000000c2800000)
 Metaspace       used 5956K, capacity 6836K, committed 7040K, reserved 1056768K
  class space    used 605K, capacity 620K, committed 640K, reserved 1048576K
}
Event: 3.436 GC heap before
{Heap before GC invocations=3 (full 0):
 PSYoungGen      total 33280K, used 33268K [0x00000000eab00000, 0x00000000ece00000, 0x0000000100000000)
  eden space 30720K, 100% used [0x00000000eab00000,0x00000000ec900000,0x00000000ec900000)
  from space 2560K, 99% used [0x00000000ecb80000,0x00000000ecdfd030,0x00000000ece00000)
  to   space 2560K, 0% used [0x00000000ec900000,0x00000000ec900000,0x00000000ecb80000)
 ParOldGen       total 40960K, used 2078K [0x00000000c0000000, 0x00000000c2800000, 0x00000000eab00000)
  object space 40960K, 5% used [0x00000000c0000000,0x00000000c0207a30,0x00000000c2800000)
 Metaspace       used 6179K, capacity 7028K, committed 7296K, reserved 1056768K
  class space    used 606K, capacity 620K, committed 640K, reserved 1048576K
Event: 4.017 GC heap after
Heap after GC invocations=3 (full 0):
 PSYoungGen      total 33280K, used 2556K [0x00000000eab00000, 0x00000000eec00000, 0x0000000100000000)
  eden space 30720K, 0% used [0x00000000eab00000,0x00000000eab00000,0x00000000ec900000)
  from space 2560K, 99% used [0x00000000ec900000,0x00000000ecb7f278,0x00000000ecb80000)
  to   space 2560K, 0% used [0x00000000ee980000,0x00000000ee980000,0x00000000eec00000)
 ParOldGen       total 40960K, used 6750K [0x00000000c0000000, 0x00000000c2800000, 0x00000000eab00000)
  object space 40960K, 16% used [0x00000000c0000000,0x00000000c0697aa8,0x00000000c2800000)
 Metaspace       used 6179K, capacity 7028K, committed 7296K, reserved 1056768K
  class space    used 606K, capacity 620K, committed 640K, reserved 1048576K
}

Deoptimization events (10 events):
Event: 2.266 Thread 0x00000000567df000 Uncommon trap: reason=unstable_if action=reinterpret pc=0x00000000029a0ca0 method=java.util.BitSet.nextSetBit(I)I @ 87
Event: 2.495 Thread 0x00000000567ac000 Uncommon trap: reason=unstable_if action=reinterpret pc=0x0000000002ba1904 method=com.android.dx.rop.cst.Constant.compareTo(Lcom/android/dx/rop/cst/Constant;)I @ 12
Event: 2.547 Thread 0x00000000567ac000 Uncommon trap: reason=class_check action=maybe_recompile pc=0x0000000002aedfd8 method=com.android.dx.rop.type.Type.equals(Ljava/lang/Object;)Z @ 8
Event: 2.728 Thread 0x00000000567ac000 Uncommon trap: reason=bimorphic action=maybe_recompile pc=0x0000000002c6fc74 method=com.android.dx.cf.code.BytecodeArray.parseInstruction(ILcom/android/dx/cf/code/BytecodeArray$Visitor;)I @ 2135
Event: 2.729 Thread 0x00000000567ac000 Uncommon trap: reason=bimorphic action=maybe_recompile pc=0x0000000002c6fc74 method=com.android.dx.cf.code.BytecodeArray.parseInstruction(ILcom/android/dx/cf/code/BytecodeArray$Visitor;)I @ 2135
Event: 2.730 Thread 0x00000000567ac000 Uncommon trap: reason=class_check action=maybe_recompile pc=0x0000000002aedfd8 method=com.android.dx.rop.type.Type.equals(Ljava/lang/Object;)Z @ 8
Event: 2.736 Thread 0x00000000567ac000 Uncommon trap: reason=null_check action=make_not_entrant pc=0x0000000002aedfe8 method=com.android.dx.rop.type.Type.equals(Ljava/lang/Object;)Z @ 8
Event: 2.755 Thread 0x00000000567ac000 Uncommon trap: reason=unstable_if action=reinterpret pc=0x0000000002c67a10 method=com.android.dx.util.LabeledList.set(ILcom/android/dx/util/LabeledItem;)V @ 16
Event: 3.333 Thread 0x00000000567ac000 Uncommon trap: reason=bimorphic action=maybe_recompile pc=0x0000000002c6ffd0 method=com.android.dx.cf.code.BytecodeArray.parseInstruction(ILcom/android/dx/cf/code/BytecodeArray$Visitor;)I @ 2484
Event: 3.333 Thread 0x00000000567ac000 Uncommon trap: reason=bimorphic action=maybe_recompile pc=0x0000000002c6ffd0 method=com.android.dx.cf.code.BytecodeArray.parseInstruction(ILcom/android/dx/cf/code/BytecodeArray$Visitor;)I @ 2484

Internal exceptions (3 events):
Event: 0.411 Thread 0x00000000003cf000 Exception <a 'java/lang/NoSuchMethodError': Method sun.misc.Unsafe.defineClass(Ljava/lang/String;[BII)Ljava/lang/Class; name or signature does not match> (0x00000000eab07cc0) thrown at [C:\re\workspace\8-2-build-windows-amd64-cygwin\jdk8u91\6644\hotspot\sr6dXs!P⁄?
Event: 0.411 Thread 0x00000000003cf000 Exception <a 'java/lang/NoSuchMethodError': Method sun.misc.Unsafe.prefetchRead(Ljava/lang/Object;J)V name or signature does not match> (0x00000000eab07fa8) thrown at [C:\re\workspace\8-2-build-windows-amd64-cygwin\jdk8u91\6644\hotspot\src\share\vm\prims\jû|êê@„@
Event: 2.736 Thread 0x00000000567ac000 Implicit null exception at 0x0000000002aeded2 to 0x0000000002aedfd9

Events (10 events):
Event: 3.333 Thread 0x00000000567ac000 DEOPT PACKING pc=0x0000000002c6ffd0 sp=0x000000005803eb50
Event: 3.333 Thread 0x00000000567ac000 DEOPT UNPACKING pc=0x00000000027b582a sp=0x000000005803ead8 mode 2
Event: 3.333 Thread 0x00000000567ac000 Uncommon trap: trap_request=0xffffffc6 fr.pc=0x0000000002c6ffd0
Event: 3.333 Thread 0x00000000567ac000 DEOPT PACKING pc=0x0000000002c6ffd0 sp=0x000000005803e920
Event: 3.333 Thread 0x00000000567ac000 DEOPT UNPACKING pc=0x00000000027b582a sp=0x000000005803e8a8 mode 2
Event: 3.357 loading class com/android/dx/cf/code/Ropper$ExceptionHandlerSetup
Event: 3.357 loading class com/android/dx/cf/code/Ropper$ExceptionHandlerSetup done
Event: 3.358 loading class java/util/HashMap$Values
Event: 3.436 Executing VM operation: ParallelGCFailedAllocation
Event: 4.018 Executing VM operation: ParallelGCFailedAllocation done


Dynamic libraries:
0x000000013f930000 - 0x000000013f967000 	C:\Program Files\Java\jdk1.8.0_91\bin\java.exe
0x0000000077a00000 - 0x0000000077ba9000 	C:\Windows\SYSTEM32\ntdll.dll
0x00000000778e0000 - 0x00000000779ff000 	C:\Windows\system32\kernel32.dll
0x000007fefd990000 - 0x000007fefd9fc000 	C:\Windows\system32\KERNELBASE.dll
0x000007feffc30000 - 0x000007feffd0b000 	C:\Windows\system32\ADVAPI32.dll
0x000007feffb10000 - 0x000007feffbaf000 	C:\Windows\system32\msvcrt.dll
0x000007fefe160000 - 0x000007fefe17f000 	C:\Windows\SYSTEM32\sechost.dll
0x000007fefdc00000 - 0x000007fefdd2d000 	C:\Windows\system32\RPCRT4.dll
0x00000000777e0000 - 0x00000000778da000 	C:\Windows\system32\USER32.dll
0x000007fefe620000 - 0x000007fefe687000 	C:\Windows\system32\GDI32.dll
0x000007fefe150000 - 0x000007fefe15e000 	C:\Windows\system32\LPK.dll
0x000007feff680000 - 0x000007feff749000 	C:\Windows\system32\USP10.dll
0x000007fefbec0000 - 0x000007fefc0b4000 	C:\Windows\WinSxS\amd64_microsoft.windows.common-controls_6595b64144ccf1df_6.0.7601.17514_none_fa396087175ac9ac\COMCTL32.dll
0x000007feffbb0000 - 0x000007feffc21000 	C:\Windows\system32\SHLWAPI.dll
0x000007fefdbd0000 - 0x000007fefdbfe000 	C:\Windows\system32\IMM32.DLL
0x000007fefe1e0000 - 0x000007fefe2e9000 	C:\Windows\system32\MSCTF.dll
0x000007fefd740000 - 0x000007fefd772000 	C:\Windows\system32\nvinitx.dll
0x000007fefd730000 - 0x000007fefd73c000 	C:\Windows\system32\VERSION.dll
0x00000000752b0000 - 0x00000000752b6000 	C:\Program Files\NVIDIA Corporation\CoProcManager\detoured.dll
0x000007fefa770000 - 0x000007fefa7a8000 	C:\Program Files\NVIDIA Corporation\CoProcManager\nvd3d9wrapx.dll
0x000007fefdd30000 - 0x000007fefdf07000 	C:\Windows\system32\SETUPAPI.dll
0x000007fefdb90000 - 0x000007fefdbc6000 	C:\Windows\system32\CFGMGR32.dll
0x000007feff750000 - 0x000007feff827000 	C:\Windows\system32\OLEAUT32.dll
0x000007fefe370000 - 0x000007fefe573000 	C:\Windows\system32\ole32.dll
0x000007fefd970000 - 0x000007fefd98a000 	C:\Windows\system32\DEVOBJ.dll
0x000007fefa650000 - 0x000007fefa674000 	C:\Program Files\NVIDIA Corporation\CoProcManager\nvdxgiwrapx.dll
0x000000006eef0000 - 0x000000006efc2000 	C:\Program Files\Java\jdk1.8.0_91\jre\bin\msvcr100.dll
0x0000000064ac0000 - 0x0000000065353000 	C:\Program Files\Java\jdk1.8.0_91\jre\bin\server\jvm.dll
0x000007fef3270000 - 0x000007fef3279000 	C:\Windows\system32\WSOCK32.dll
0x000007feff630000 - 0x000007feff67d000 	C:\Windows\system32\WS2_32.dll
0x000007feffb00000 - 0x000007feffb08000 	C:\Windows\system32\NSI.dll
0x000007fef90f0000 - 0x000007fef912b000 	C:\Windows\system32\WINMM.dll
0x0000000077bc0000 - 0x0000000077bc7000 	C:\Windows\system32\PSAPI.DLL
0x000000006efe0000 - 0x000000006efef000 	C:\Program Files\Java\jdk1.8.0_91\jre\bin\verify.dll
0x000000006eec0000 - 0x000000006eee9000 	C:\Program Files\Java\jdk1.8.0_91\jre\bin\java.dll
0x000000006eea0000 - 0x000000006eeb6000 	C:\Program Files\Java\jdk1.8.0_91\jre\bin\zip.dll
0x000007fefe730000 - 0x000007feff4b8000 	C:\Windows\system32\SHELL32.dll
0x000007fefd820000 - 0x000007fefd82f000 	C:\Windows\system32\profapi.dll

VM Arguments:
jvm_args: -Djava.awt.headless=true -Xmx1024M -Dfile.encoding=x-windows-949 -Duser.country=KR -Duser.language=ko -Duser.variant 
java_command: com.android.dx.command.Main --dex --force-jumbo --num-threads=4 --multi-dex --output D:\github\Indoor_System_Result\app\build\intermediates\transforms\dex\debug\folders\1000\10\com.android.support-support-v4-24.0.0_4fbaa6df031b0d741a560dbb2b6ec9521ca0ba85 D:\github\Indoor_System_Result\app\build\intermediates\exploded-aar\com.android.support\support-v4\24.0.0\jars\classes.jar
java_class_path (initial): D:\Android_sdk\build-tools\24.0.0\lib\dx.jar
Launcher Type: SUN_STANDARD

Environment Variables:
JAVA_HOME=C:\Program Files\Java\jdk1.8.0_91
CLASSPATH=C:\Program Files\Java\jdk1.8.0_91\lib\tools.jar
PATH=C:\Program Files\Common Files\Microsoft Shared\Windows Live;C:\Program Files (x86)\Common Files\Microsoft Shared\Windows Live;C:\ProgramData\Oracle\Java\javapath;C:\Windows\system32;C:\Windows;C:\Windows\System32\Wbem;C:\Windows\System32\WindowsPowerShell\v1.0\;C:\Program Files\Java\jdk1.8.0_91\bin;C:\Users\Administrator\.dnx\bin;C:\Program Files\Microsoft DNX\Dnvm\;C:\Program Files\Microsoft SQL Server\130\Tools\Binn\;C:\Program Files (x86)\Windows Kits\8.1\Windows Performance Toolkit\;C:\Program Files (x86)\NVIDIA Corporation\PhysX\Common;C:\Program Files (x86)\Windows Live\Shared
USERNAME=Administrator
OS=Windows_NT
PROCESSOR_IDENTIFIER=Intel64 Family 6 Model 69 Stepping 1, GenuineIntel



---------------  S Y S T E M  ---------------

OS: Windows 7 , 64 bit Build 7601 (6.1.7601.18409)

CPU:total 4 (2 cores per cpu, 2 threads per core) family 6 model 69 stepping 1, cmov, cx8, fxsr, mmx, sse, sse2, sse3, ssse3, sse4.1, sse4.2, popcnt, avx, avx2, aes, clmul, erms, lzcnt, ht, tsc, tscinvbit, bmi1, bmi2

Memory: 4k page, physical 3890176k(9280k free), swap 5985464k(5264k free)

vm_info: Java HotSpot(TM) 64-Bit Server VM (25.91-b14) for windows-amd64 JRE (1.8.0_91-b14), built on Apr  1 2016 00:58:32 by "java_re" with MS VC++ 10.0 (VS2010)

time: Thu Aug 25 08:58:09 2016
elapsed time: 4 seconds (0d 0h 0m 4s)

